_XSERVTransSocketOpenCOTSServer: Unable to open socket for inet6
_XSERVTransOpen: transport open failed for inet6/Castor:0
_XSERVTransMakeAllCOTSServerListeners: failed to open listener for inet6

XFree86 Version 4.7.0
Release Date: 12 August 2007
X Protocol Version 11, Revision 0
Build Operating System: DefaultOSName [ELF] 
Current Operating System: Linux Castor 2.6.24-CASTOR_2_0_0 #3 Thu Jun 16 14:32:08 PDT 2011 ppc
Build Date: 5 August 2008
Changelog Date: 13 August 2007
	Before reporting problems, check http://www.XFree86.Org/
	to make sure that you have the latest version.
Module Loader present
Command line: /usr/X11R6/bin/X :0 -fc lucidasans-8 -br -a 1
Markers: (--) probed, (**) from config file, (==) default setting,
	(++) from command line, (!!) notice, (EE) error, (WW) warning,
	(II) informational, (NI) not implemented, (??) unknown.
(==) Log file: "/var/log/XFree86.0.log", Time: Fri Mar 23 09:07:04 2012
(==) Using config file: "/etc/X11/XF86Config".
(II) Executable is "/usr/X11R6/bin/XFree86".
(II) Reading symbols from "/usr/X11R6/bin/XFree86".
(II) Module ABI versions:
	XFree86 ANSI C Emulation: 0.4
	XFree86 Video Driver: 0.11
	XFree86 XInput driver : 0.5
	XFree86 Server Extension : 0.4
	XFree86 Font Renderer : 0.5
(II) Loader running on linux
(**) Option "XkbRules" "xfree86"
(**) XKB: rules: "xfree86"
(**) Option "XkbModel" "macintosh"
(**) XKB: model: "macintosh"
(**) Option "XkbLayout" "us"
(**) XKB: layout: "us"
(==) Keyboard: CustomKeycode disabled.
(==) ServerLayout "Default Layout"
(==) |-->Screen "Default Screen" (0) (0, 0)
(**) |  |-->Device "CoralP"
(**) |  |-->Monitor "Generic Monitor" (0)
(**) |-->Input Device "Generic Keyboard"
(**) |-->Input Device "Configured Mouse"
(WW) The directory "/usr/lib/X11R6/X11/fonts/misc/" does not exist.
	Entry deleted from font path.
(WW) The directory "/usr/lib/X11R6/X11/fonts/75dpi/" does not exist.
	Entry deleted from font path.
(**) FontPath set to "/usr/X11R6/lib/X11/fonts/TTF,/usr/X11R6/lib/X11/fonts/misc,/usr/X11R6/lib/X11/fonts/75dpi"
(==) RgbPath set to "/usr/X11R6/lib/X11/rgb"
(==) ModulePath set to "/usr/X11R6/lib/modules"
(II) Checking for unused ServerFlags options:
(II) LoadModule: "pcidata"
(II) Loading /usr/X11R6/lib/modules/libpcidata.a
(II) Module pcidata: vendor="The XFree86 Project"
	compiled for 4.7.0, module version = 1.0.0
	ABI class: XFree86 Video Driver, version 0.11
(II) LoadModule: "bitmap"
(II) Loading /usr/X11R6/lib/modules/fonts/libbitmap.a
(II) Module bitmap: vendor="The XFree86 Project"
	compiled for 4.7.0, module version = 1.0.0
	Module class: XFree86 Font Renderer
	ABI class: XFree86 Font Renderer, version 0.5
(II) Loading font Bitmap
(--) using VT number 2

(II) PCI: PCI scan (all values are in hex)
(II) PCI: 00:18:0: chip 10cf,201e card 0000,0000 rev 01 class 03,80,00 hdr 00
(II) PCI: 00:1a:0: chip 1057,5809 card 0000,0000 rev 00 class 06,80,00 hdr 00
(II) PCI: End of PCI scan
(II) Host-to-PCI bridge:
(II) Bus 0: bridge is at (0:0:0), (0,0,0), BCTRL: 0x0008 (VGA_EN is set)
(II) Bus 0 I/O range:
	[0] -1	0	0x00000000 - 0x00ffffff (0x1000000) IX[B]
(II) Bus 0 non-prefetchable memory range:
	[0] -1	0	0x00000000 - 0xffffffff (0x0) MX[B]
(II) Bus 0 prefetchable memory range:
	[0] -1	0	0x00000000 - 0xffffffff (0x0) MX[B]
(--) PCI:*(0:24:0) unknown vendor (0x10cf) unknown chipset (0x201e) rev 1, Mem @ 0xa0000000/26
(WW) Open ACPI failed (/proc/acpi/event) (No such file or directory)
(WW) Open APM failed (/dev/apm_bios) (No such file or directory)
(II) Addressable bus resource ranges are
	[0] -1	0	0x00000000 - 0xffffffff (0x0) MX[B]
	[1] -1	0	0x00000000 - 0x00ffffff (0x1000000) IX[B]
(II) OS-reported resource ranges:
	[0] -1	0	0xffffffff - 0xffffffff (0x1) MX[B]
	[1] -1	0	0x00000000 - 0x00000000 (0x1) MX[B]
	[2] -1	0	0x00ffffff - 0x00ffffff (0x1) IX[B]
	[3] -1	0	0x00000000 - 0x00000000 (0x1) IX[B]
(II) Active PCI resource ranges:
	[0] -1	0	0xa4000000 - 0xa403ffff (0x40000) MX[B]
	[1] -1	0	0xa0000000 - 0xa3ffffff (0x4000000) MX[B](B)
(II) Active PCI resource ranges after removing overlaps:
	[0] -1	0	0xa4000000 - 0xa403ffff (0x40000) MX[B]
	[1] -1	0	0xa0000000 - 0xa3ffffff (0x4000000) MX[B](B)
(II) OS-reported resource ranges after removing overlaps with PCI:
	[0] -1	0	0xffffffff - 0xffffffff (0x1) MX[B]
	[1] -1	0	0x00000000 - 0x00000000 (0x1) MX[B]
	[2] -1	0	0x00ffffff - 0x00ffffff (0x1) IX[B]
	[3] -1	0	0x00000000 - 0x00000000 (0x1) IX[B]
(II) All system resource ranges:
	[0] -1	0	0xffffffff - 0xffffffff (0x1) MX[B]
	[1] -1	0	0x00000000 - 0x00000000 (0x1) MX[B]
	[2] -1	0	0xa4000000 - 0xa403ffff (0x40000) MX[B]
	[3] -1	0	0xa0000000 - 0xa3ffffff (0x4000000) MX[B](B)
	[4] -1	0	0x00ffffff - 0x00ffffff (0x1) IX[B]
	[5] -1	0	0x00000000 - 0x00000000 (0x1) IX[B]
(II) LoadModule: "extmod"
(II) Loading /usr/X11R6/lib/modules/extensions/libextmod.a
(II) Module extmod: vendor="The XFree86 Project"
	compiled for 4.7.0, module version = 1.0.0
	Module class: XFree86 Server Extension
	ABI class: XFree86 Server Extension, version 0.4
(II) Loading extension SHAPE
(II) Loading extension MIT-SUNDRY-NONSTANDARD
(II) Loading extension BIG-REQUESTS
(II) Loading extension SYNC
(II) Loading extension MIT-SCREEN-SAVER
(II) Loading extension XC-MISC
(II) Loading extension XFree86-VidModeExtension
(II) Loading extension XFree86-Misc
(II) Loading extension XFree86-DGA
(II) Loading extension DPMS
(II) Loading extension FontCache
(II) Loading extension TOG-CUP
(II) Loading extension Extended-Visual-Information
(II) Loading extension XVideo
(II) Loading extension XVideo-MotionCompensation
(II) Loading extension X-Resource
(II) LoadModule: "freetype"
(II) Loading /usr/X11R6/lib/modules/fonts/libfreetype.a
(II) Module freetype: vendor="The XFree86 Project & the After X-TT Project"
	compiled for 4.7.0, module version = 2.1.0
	Module class: XFree86 Font Renderer
	ABI class: XFree86 Font Renderer, version 0.5
(II) Loading font FreeType
(II) LoadModule: "mb86290"
(II) Loading /usr/X11R6/lib/modules/drivers/mb86290_drv.o
(II) Module mb86290: vendor="The XFree86 Project"
	compiled for 4.7.0, module version = 0.1.0
	Module class: XFree86 Video Driver
	ABI class: XFree86 Video Driver, version 0.11
(II) LoadModule: "mouse"
(II) Loading /usr/X11R6/lib/modules/input/mouse_drv.o
(II) Module mouse: vendor="The XFree86 Project"
	compiled for 4.7.0, module version = 1.0.0
	Module class: XFree86 XInput Driver
	ABI class: XFree86 XInput driver, version 0.5
(II) MB86290: Fujitsu chip: mb86290
(II) Primary Device is: PCI 00:18:0
(II) Loading sub module "fbdevhw"
(II) LoadModule: "fbdevhw"
(II) Loading /usr/X11R6/lib/modules/linux/libfbdevhw.a
(II) Module fbdevhw: vendor="The XFree86 Project"
	compiled for 4.7.0, module version = 0.0.2
	ABI class: XFree86 Video Driver, version 0.11
(--) Assigning device section with no busID to primary device
(--) Chipset mb86290 found
(II) resource ranges after xf86ClaimFixedResources() call:
	[0] -1	0	0xffffffff - 0xffffffff (0x1) MX[B]
	[1] -1	0	0x00000000 - 0x00000000 (0x1) MX[B]
	[2] -1	0	0xa4000000 - 0xa403ffff (0x40000) MX[B]
	[3] -1	0	0xa0000000 - 0xa3ffffff (0x4000000) MX[B](B)
	[4] -1	0	0x00ffffff - 0x00ffffff (0x1) IX[B]
	[5] -1	0	0x00000000 - 0x00000000 (0x1) IX[B]
(II) resource ranges after probing:
	[0] -1	0	0xffffffff - 0xffffffff (0x1) MX[B]
	[1] -1	0	0x00000000 - 0x00000000 (0x1) MX[B]
	[2] -1	0	0xa4000000 - 0xa403ffff (0x40000) MX[B]
	[3] -1	0	0xa0000000 - 0xa3ffffff (0x4000000) MX[B](B)
	[4] 0	0	0x000a0000 - 0x000affff (0x10000) MS[B]
	[5] 0	0	0x000b0000 - 0x000b7fff (0x8000) MS[B]
	[6] 0	0	0x000b8000 - 0x000bffff (0x8000) MS[B]
	[7] -1	0	0x00ffffff - 0x00ffffff (0x1) IX[B]
	[8] -1	0	0x00000000 - 0x00000000 (0x1) IX[B]
	[9] 0	0	0xb00003b0 - 0xb00003bb (0xc) IS[B]
	[10] 0	0	0xb00003c0 - 0xb00003df (0x20) IS[B]
(II) Setting vga for screen 0.
(WW) open /dev/fb0: No such device
(WW) open /dev/fb1: No such device
(WW) open /dev/fb2: No such device
(WW) open /dev/fb3: No such device
(WW) open /dev/fb4: No such file or directory
(WW) open /dev/fb5: No such file or directory
(WW) open /dev/fb6: No such file or directory
(WW) open /dev/fb7: No such file or directory
(EE) MB86290(0): Failed to open framebuffer device, consult warnings and/or errors above for possible reasons
	(you may have to look at the server log to see warnings)
(EE) MB86290(0): MB86290PreInit Failed!
(WW) Symbol xf86I2CWriteVec from module /usr/X11R6/lib/modules/drivers/mb86290_drv.o is unresolved!
(WW) Symbol xf86I2CProbeAddress from module /usr/X11R6/lib/modules/drivers/mb86290_drv.o is unresolved!
(WW) Symbol xf86I2CReadByte from module /usr/X11R6/lib/modules/drivers/mb86290_drv.o is unresolved!
(WW) Symbol xf86I2CProbeAddress from module /usr/X11R6/lib/modules/drivers/mb86290_drv.o is unresolved!
(II) UnloadModule: "mb86290"
(II) UnloadModule: "fbdevhw"
(EE) Screen(s) found, but none have a usable configuration.

Fatal server error:
no screens found

When reporting a problem related to a server crash, please send
the full server output, not just the last messages.
This can be found in the log file "/var/log/XFree86.0.log".
Please report problems to xfree86@xfree86.org.

